2023-11-25 14:16:10,917 [myid:] - INFO  [main:QuorumPeerConfig@136] - Reading configuration from: /home/fc56380/joao_andre/grupo21-projeto2/grupo21/apache-zookeeper-3.5.9-bin/bin/../conf/zoo.cfg
2023-11-25 14:16:10,921 [myid:] - INFO  [main:QuorumPeerConfig@388] - clientPortAddress is 0.0.0.0:2181
2023-11-25 14:16:10,922 [myid:] - INFO  [main:QuorumPeerConfig@392] - secureClientPort is not set
2023-11-25 14:16:10,922 [myid:] - INFO  [main:DatadirCleanupManager@78] - autopurge.snapRetainCount set to 3
2023-11-25 14:16:10,923 [myid:] - INFO  [main:DatadirCleanupManager@79] - autopurge.purgeInterval set to 0
2023-11-25 14:16:10,923 [myid:] - INFO  [main:DatadirCleanupManager@101] - Purge task is not scheduled.
2023-11-25 14:16:10,923 [myid:] - WARN  [main:QuorumPeerMain@125] - Either no config or no quorum defined in config, running  in standalone mode
2023-11-25 14:16:10,925 [myid:] - INFO  [main:ManagedUtil@45] - Log4j 1.2 jmx support found and enabled.
2023-11-25 14:16:10,928 [myid:] - INFO  [main:QuorumPeerConfig@136] - Reading configuration from: /home/fc56380/joao_andre/grupo21-projeto2/grupo21/apache-zookeeper-3.5.9-bin/bin/../conf/zoo.cfg
2023-11-25 14:16:10,929 [myid:] - INFO  [main:QuorumPeerConfig@388] - clientPortAddress is 0.0.0.0:2181
2023-11-25 14:16:10,929 [myid:] - INFO  [main:QuorumPeerConfig@392] - secureClientPort is not set
2023-11-25 14:16:10,929 [myid:] - INFO  [main:ZooKeeperServerMain@118] - Starting server
2023-11-25 14:16:10,930 [myid:] - INFO  [main:FileTxnSnapLog@115] - zookeeper.snapshot.trust.empty : false
2023-11-25 14:16:10,934 [myid:] - INFO  [main:Environment@109] - Server environment:zookeeper.version=3.5.9-83df9301aa5c2a5d284a9940177808c01bc35cef, built on 01/06/2021 19:49 GMT
2023-11-25 14:16:10,934 [myid:] - INFO  [main:Environment@109] - Server environment:host.name=PCJoao.
2023-11-25 14:16:10,934 [myid:] - INFO  [main:Environment@109] - Server environment:java.version=11.0.20.1
2023-11-25 14:16:10,935 [myid:] - INFO  [main:Environment@109] - Server environment:java.vendor=Ubuntu
2023-11-25 14:16:10,935 [myid:] - INFO  [main:Environment@109] - Server environment:java.home=/usr/lib/jvm/java-11-openjdk-amd64
2023-11-25 14:16:10,935 [myid:] - INFO  [main:Environment@109] - Server environment:java.class.path=/home/fc56380/joao_andre/grupo21-projeto2/grupo21/apache-zookeeper-3.5.9-bin/bin/../zookeeper-server/target/classes:/home/fc56380/joao_andre/grupo21-projeto2/grupo21/apache-zookeeper-3.5.9-bin/bin/../build/classes:/home/fc56380/joao_andre/grupo21-projeto2/grupo21/apache-zookeeper-3.5.9-bin/bin/../zookeeper-server/target/lib/*.jar:/home/fc56380/joao_andre/grupo21-projeto2/grupo21/apache-zookeeper-3.5.9-bin/bin/../build/lib/*.jar:/home/fc56380/joao_andre/grupo21-projeto2/grupo21/apache-zookeeper-3.5.9-bin/bin/../lib/zookeeper-jute-3.5.9.jar:/home/fc56380/joao_andre/grupo21-projeto2/grupo21/apache-zookeeper-3.5.9-bin/bin/../lib/zookeeper-3.5.9.jar:/home/fc56380/joao_andre/grupo21-projeto2/grupo21/apache-zookeeper-3.5.9-bin/bin/../lib/slf4j-log4j12-1.7.25.jar:/home/fc56380/joao_andre/grupo21-projeto2/grupo21/apache-zookeeper-3.5.9-bin/bin/../lib/slf4j-api-1.7.25.jar:/home/fc56380/joao_andre/grupo21-projeto2/grupo21/apache-zookeeper-3.5.9-bin/bin/../lib/netty-transport-native-unix-common-4.1.50.Final.jar:/home/fc56380/joao_andre/grupo21-projeto2/grupo21/apache-zookeeper-3.5.9-bin/bin/../lib/netty-transport-native-epoll-4.1.50.Final.jar:/home/fc56380/joao_andre/grupo21-projeto2/grupo21/apache-zookeeper-3.5.9-bin/bin/../lib/netty-transport-4.1.50.Final.jar:/home/fc56380/joao_andre/grupo21-projeto2/grupo21/apache-zookeeper-3.5.9-bin/bin/../lib/netty-resolver-4.1.50.Final.jar:/home/fc56380/joao_andre/grupo21-projeto2/grupo21/apache-zookeeper-3.5.9-bin/bin/../lib/netty-handler-4.1.50.Final.jar:/home/fc56380/joao_andre/grupo21-projeto2/grupo21/apache-zookeeper-3.5.9-bin/bin/../lib/netty-common-4.1.50.Final.jar:/home/fc56380/joao_andre/grupo21-projeto2/grupo21/apache-zookeeper-3.5.9-bin/bin/../lib/netty-codec-4.1.50.Final.jar:/home/fc56380/joao_andre/grupo21-projeto2/grupo21/apache-zookeeper-3.5.9-bin/bin/../lib/netty-buffer-4.1.50.Final.jar:/home/fc56380/joao_andre/grupo21-projeto2/grupo21/apache-zookeeper-3.5.9-bin/bin/../lib/log4j-1.2.17.jar:/home/fc56380/joao_andre/grupo21-projeto2/grupo21/apache-zookeeper-3.5.9-bin/bin/../lib/json-simple-1.1.1.jar:/home/fc56380/joao_andre/grupo21-projeto2/grupo21/apache-zookeeper-3.5.9-bin/bin/../lib/jline-2.14.6.jar:/home/fc56380/joao_andre/grupo21-projeto2/grupo21/apache-zookeeper-3.5.9-bin/bin/../lib/jetty-util-ajax-9.4.35.v20201120.jar:/home/fc56380/joao_andre/grupo21-projeto2/grupo21/apache-zookeeper-3.5.9-bin/bin/../lib/jetty-util-9.4.35.v20201120.jar:/home/fc56380/joao_andre/grupo21-projeto2/grupo21/apache-zookeeper-3.5.9-bin/bin/../lib/jetty-servlet-9.4.35.v20201120.jar:/home/fc56380/joao_andre/grupo21-projeto2/grupo21/apache-zookeeper-3.5.9-bin/bin/../lib/jetty-server-9.4.35.v20201120.jar:/home/fc56380/joao_andre/grupo21-projeto2/grupo21/apache-zookeeper-3.5.9-bin/bin/../lib/jetty-security-9.4.35.v20201120.jar:/home/fc56380/joao_andre/grupo21-projeto2/grupo21/apache-zookeeper-3.5.9-bin/bin/../lib/jetty-io-9.4.35.v20201120.jar:/home/fc56380/joao_andre/grupo21-projeto2/grupo21/apache-zookeeper-3.5.9-bin/bin/../lib/jetty-http-9.4.35.v20201120.jar:/home/fc56380/joao_andre/grupo21-projeto2/grupo21/apache-zookeeper-3.5.9-bin/bin/../lib/javax.servlet-api-3.1.0.jar:/home/fc56380/joao_andre/grupo21-projeto2/grupo21/apache-zookeeper-3.5.9-bin/bin/../lib/jackson-databind-2.10.5.1.jar:/home/fc56380/joao_andre/grupo21-projeto2/grupo21/apache-zookeeper-3.5.9-bin/bin/../lib/jackson-core-2.10.5.jar:/home/fc56380/joao_andre/grupo21-projeto2/grupo21/apache-zookeeper-3.5.9-bin/bin/../lib/jackson-annotations-2.10.5.jar:/home/fc56380/joao_andre/grupo21-projeto2/grupo21/apache-zookeeper-3.5.9-bin/bin/../lib/commons-cli-1.2.jar:/home/fc56380/joao_andre/grupo21-projeto2/grupo21/apache-zookeeper-3.5.9-bin/bin/../lib/audience-annotations-0.5.0.jar:/home/fc56380/joao_andre/grupo21-projeto2/grupo21/apache-zookeeper-3.5.9-bin/bin/../zookeeper-*.jar:/home/fc56380/joao_andre/grupo21-projeto2/grupo21/apache-zookeeper-3.5.9-bin/bin/../zookeeper-server/src/main/resources/lib/*.jar:/home/fc56380/joao_andre/grupo21-projeto2/grupo21/apache-zookeeper-3.5.9-bin/bin/../conf:
2023-11-25 14:16:10,935 [myid:] - INFO  [main:Environment@109] - Server environment:java.library.path=/usr/java/packages/lib:/usr/lib/x86_64-linux-gnu/jni:/lib/x86_64-linux-gnu:/usr/lib/x86_64-linux-gnu:/usr/lib/jni:/lib:/usr/lib
2023-11-25 14:16:10,935 [myid:] - INFO  [main:Environment@109] - Server environment:java.io.tmpdir=/tmp
2023-11-25 14:16:10,935 [myid:] - INFO  [main:Environment@109] - Server environment:java.compiler=<NA>
2023-11-25 14:16:10,935 [myid:] - INFO  [main:Environment@109] - Server environment:os.name=Linux
2023-11-25 14:16:10,935 [myid:] - INFO  [main:Environment@109] - Server environment:os.arch=amd64
2023-11-25 14:16:10,935 [myid:] - INFO  [main:Environment@109] - Server environment:os.version=5.15.133.1-microsoft-standard-WSL2
2023-11-25 14:16:10,935 [myid:] - INFO  [main:Environment@109] - Server environment:user.name=fc56380
2023-11-25 14:16:10,935 [myid:] - INFO  [main:Environment@109] - Server environment:user.home=/home/fc56380
2023-11-25 14:16:10,935 [myid:] - INFO  [main:Environment@109] - Server environment:user.dir=/home/fc56380/joao_andre/grupo21-projeto2/grupo21/apache-zookeeper-3.5.9-bin/bin
2023-11-25 14:16:10,935 [myid:] - INFO  [main:Environment@109] - Server environment:os.memory.free=111MB
2023-11-25 14:16:10,935 [myid:] - INFO  [main:Environment@109] - Server environment:os.memory.max=1000MB
2023-11-25 14:16:10,935 [myid:] - INFO  [main:Environment@109] - Server environment:os.memory.total=124MB
2023-11-25 14:16:10,936 [myid:] - INFO  [main:ZooKeeperServer@953] - minSessionTimeout set to 4000
2023-11-25 14:16:10,936 [myid:] - INFO  [main:ZooKeeperServer@962] - maxSessionTimeout set to 40000
2023-11-25 14:16:10,936 [myid:] - INFO  [main:ZooKeeperServer@181] - Created server with tickTime 2000 minSessionTimeout 4000 maxSessionTimeout 40000 datadir /tmp/zookeeper/version-2 snapdir /tmp/zookeeper/version-2
2023-11-25 14:16:10,947 [myid:] - INFO  [main:Log@169] - Logging initialized @223ms to org.eclipse.jetty.util.log.Slf4jLog
2023-11-25 14:16:10,981 [myid:] - WARN  [main:ContextHandler@1660] - o.e.j.s.ServletContextHandler@5af3afd9{/,null,STOPPED} contextPath ends with /*
2023-11-25 14:16:10,981 [myid:] - WARN  [main:ContextHandler@1671] - Empty contextPath
2023-11-25 14:16:10,992 [myid:] - INFO  [main:Server@375] - jetty-9.4.35.v20201120; built: 2020-11-20T21:17:03.964Z; git: bdc54f03a5e0a7e280fab27f55c3c75ee8da89fb; jvm 11.0.20.1+1-post-Ubuntu-0ubuntu122.04
2023-11-25 14:16:11,007 [myid:] - INFO  [main:DefaultSessionIdManager@334] - DefaultSessionIdManager workerName=node0
2023-11-25 14:16:11,008 [myid:] - INFO  [main:DefaultSessionIdManager@339] - No SessionScavenger set, using defaults
2023-11-25 14:16:11,008 [myid:] - INFO  [main:HouseKeeper@132] - node0 Scavenging every 660000ms
2023-11-25 14:16:11,010 [myid:] - WARN  [main:ConstraintSecurityHandler@758] - ServletContext@o.e.j.s.ServletContextHandler@5af3afd9{/,null,STARTING} has uncovered http methods for path: /*
2023-11-25 14:16:11,015 [myid:] - INFO  [main:ContextHandler@916] - Started o.e.j.s.ServletContextHandler@5af3afd9{/,null,AVAILABLE}
2023-11-25 14:16:11,025 [myid:] - INFO  [main:AbstractConnector@331] - Started ServerConnector@69b2283a{HTTP/1.1, (http/1.1)}{0.0.0.0:8080}
2023-11-25 14:16:11,025 [myid:] - INFO  [main:Server@415] - Started @301ms
2023-11-25 14:16:11,025 [myid:] - INFO  [main:JettyAdminServer@116] - Started AdminServer on address 0.0.0.0, port 8080 and command URL /commands
2023-11-25 14:16:11,046 [myid:] - INFO  [main:ServerCnxnFactory@135] - Using org.apache.zookeeper.server.NIOServerCnxnFactory as server connection factory
2023-11-25 14:16:11,047 [myid:] - INFO  [main:NIOServerCnxnFactory@673] - Configuring NIO connection handler with 10s sessionless connection timeout, 3 selector thread(s), 40 worker threads, and 64 kB direct buffers.
2023-11-25 14:16:11,047 [myid:] - INFO  [main:NIOServerCnxnFactory@686] - binding to port 0.0.0.0/0.0.0.0:2181
2023-11-25 14:16:11,054 [myid:] - INFO  [main:ZKDatabase@117] - zookeeper.snapshotSizeFactor = 0.33
2023-11-25 14:16:11,055 [myid:] - INFO  [main:FileSnap@83] - Reading snapshot /tmp/zookeeper/version-2/snapshot.0
2023-11-25 14:16:11,057 [myid:] - INFO  [main:FileTxnSnapLog@404] - Snapshotting: 0x0 to /tmp/zookeeper/version-2/snapshot.0
2023-11-25 14:16:11,061 [myid:] - INFO  [ProcessThread(sid:0 cport:2181)::PrepRequestProcessor@132] - PrepRequestProcessor (sid:0) started, reconfigEnabled=false
2023-11-25 14:16:11,065 [myid:] - INFO  [main:ContainerManager@64] - Using checkIntervalMs=60000 maxPerMinute=10000
2023-11-25 15:23:51,911 [myid:] - INFO  [NIOWorkerThread-1:FourLetterCommands@234] - The list of known four letter word commands is : [{1936881266=srvr, 1937006964=stat, 2003003491=wchc, 1685417328=dump, 1668445044=crst, 1936880500=srst, 1701738089=envi, 1668247142=conf, -720899=telnet close, 2003003507=wchs, 2003003504=wchp, 1684632179=dirs, 1668247155=cons, 1835955314=mntr, 1769173615=isro, 1920298859=ruok, 1735683435=gtmk, 1937010027=stmk}]
2023-11-25 15:23:51,914 [myid:] - INFO  [NIOWorkerThread-1:FourLetterCommands@235] - The list of enabled four letter word commands is : [[srvr]]
2023-11-25 15:23:51,914 [myid:] - INFO  [NIOWorkerThread-1:NIOServerCnxn@518] - Processing srvr command from /127.0.0.1:44258
